<?xml version="1.0" encoding="UTF-8"?>
<robot generator="Robot 7.0.1 (Python 3.12.3 on win32)" generated="2024-07-25T13:30:47.146871" rpa="false" schemaversion="5">
<suite id="s1" name="Preenchimento Correto" source="C:\Users\Thiago Martins da Si\Desktop\organo\CURSO-ROBOT\preenchimento_correto.robot">
<test id="s1-t1" name="Verificar se ao preencher corretamente o formulário os dados são inseridos corretamente na lista e se um novo card é criado no time esperado" line="23">
<kw name="Dado que eu acesse o Organo" owner="setup_teardown" type="SETUP">
<kw name="Open Browser" owner="SeleniumLibrary">
<msg time="2024-07-25T13:30:47.303957" level="INFO">Opening browser 'Chrome' to base url 'http://localhost:3000/'.</msg>
<arg>url=http://localhost:3000/</arg>
<arg>browser=Chrome</arg>
<doc>Opens a new browser instance to the optional ``url``.</doc>
<status status="PASS" start="2024-07-25T13:30:47.303957" elapsed="1.676092"/>
</kw>
<status status="PASS" start="2024-07-25T13:30:47.302984" elapsed="1.677065"/>
</kw>
<kw name="Dado que preencha os campos do formulário">
<kw name="Input Text" owner="SeleniumLibrary">
<msg time="2024-07-25T13:30:48.980049" level="INFO">Typing text 'Akemi' into text field 'id:form-nome'.</msg>
<arg>${CAMPO_NOME}</arg>
<arg>Akemi</arg>
<doc>Types the given ``text`` into the text field identified by ``locator``.</doc>
<status status="PASS" start="2024-07-25T13:30:48.980049" elapsed="0.067325"/>
</kw>
<kw name="Input Text" owner="SeleniumLibrary">
<msg time="2024-07-25T13:30:49.047374" level="INFO">Typing text 'Desenvolvedora' into text field 'id:form-cargo'.</msg>
<arg>${CAMPO_CARGO}</arg>
<arg>Desenvolvedora</arg>
<doc>Types the given ``text`` into the text field identified by ``locator``.</doc>
<status status="PASS" start="2024-07-25T13:30:49.047374" elapsed="0.065123"/>
</kw>
<kw name="Input Text" owner="SeleniumLibrary">
<msg time="2024-07-25T13:30:49.112497" level="INFO">Typing text 'https://picsum.photos/200/300' into text field 'id:form-imagem'.</msg>
<arg>${CAMPO_IMAGEM}</arg>
<arg>https://picsum.photos/200/300</arg>
<doc>Types the given ``text`` into the text field identified by ``locator``.</doc>
<status status="PASS" start="2024-07-25T13:30:49.112497" elapsed="0.086322"/>
</kw>
<kw name="Click Element" owner="SeleniumLibrary">
<msg time="2024-07-25T13:30:49.198819" level="INFO">Clicking element 'class:lista-suspensa'.</msg>
<arg>${CAMPO_TIME}</arg>
<doc>Click the element identified by ``locator``.</doc>
<status status="PASS" start="2024-07-25T13:30:49.198819" elapsed="0.038908"/>
</kw>
<kw name="Click Element" owner="SeleniumLibrary">
<msg time="2024-07-25T13:30:49.237727" level="INFO">Clicking element '//option[contains(.,'Programação')]'.</msg>
<arg>${PROGRAMACAO}</arg>
<doc>Click the element identified by ``locator``.</doc>
<status status="PASS" start="2024-07-25T13:30:49.237727" elapsed="0.024088"/>
</kw>
<status status="PASS" start="2024-07-25T13:30:48.980049" elapsed="0.281766"/>
</kw>
<kw name="E clique no botão criar card">
<kw name="Click Element" owner="SeleniumLibrary">
<msg time="2024-07-25T13:30:49.261815" level="INFO">Clicking element 'id:form-botao'.</msg>
<arg>${CAMPO_CARD}</arg>
<doc>Click the element identified by ``locator``.</doc>
<status status="PASS" start="2024-07-25T13:30:49.261815" elapsed="0.105831"/>
</kw>
<status status="PASS" start="2024-07-25T13:30:49.261815" elapsed="0.105831"/>
</kw>
<kw name="Então identificar o card no time esperado">
<kw name="Element Should Be Visible" owner="SeleniumLibrary">
<msg time="2024-07-25T13:30:49.380963" level="INFO">Element 'class:colaborador' is displayed.</msg>
<arg>class:colaborador</arg>
<doc>Verifies that the element identified by ``locator`` is visible.</doc>
<status status="PASS" start="2024-07-25T13:30:49.367646" elapsed="0.013317"/>
</kw>
<status status="PASS" start="2024-07-25T13:30:49.367646" elapsed="0.013317"/>
</kw>
<kw name="Fechar o navegador" owner="setup_teardown" type="TEARDOWN">
<kw name="Close Browser" owner="SeleniumLibrary">
<doc>Closes the current browser.</doc>
<status status="PASS" start="2024-07-25T13:30:49.381943" elapsed="2.069644"/>
</kw>
<status status="PASS" start="2024-07-25T13:30:49.381943" elapsed="2.069644"/>
</kw>
<status status="PASS" start="2024-07-25T13:30:47.302015" elapsed="4.149572"/>
</test>
<status status="PASS" start="2024-07-25T13:30:47.148848" elapsed="4.303708"/>
</suite>
<statistics>
<total>
<stat pass="1" fail="0" skip="0">All Tests</stat>
</total>
<tag>
</tag>
<suite>
<stat pass="1" fail="0" skip="0" id="s1" name="Preenchimento Correto">Preenchimento Correto</stat>
</suite>
</statistics>
<errors>
</errors>
</robot>
